2023-03-12 22:34:07.865531 [info]:  =============Server init================
2023-03-12 22:34:07.865554 [info]:  Port: 1316,OpenLinger: false
2023-03-12 22:34:07.865557 [info]:  Listen Mode: ET, Conn Mode: ET
2023-03-12 22:34:07.865559 [info]:  Log level: 1
2023-03-12 22:34:07.865561 [info]:  srcDir: /home/yzs/my-WebServer/resources/
2023-03-12 22:34:07.865562 [info]:  SqlConnPool num: 4, ThreadPool num: 12
2023-03-12 22:34:57.433228 [info]:  succ mmap [256000] bytes memory
2023-03-12 22:35:33.106565 [info]:  =============Server init================
2023-03-12 22:35:33.106584 [info]:  Port: 1316,OpenLinger: false
2023-03-12 22:35:33.106588 [info]:  Listen Mode: ET, Conn Mode: ET
2023-03-12 22:35:33.106589 [info]:  Log level: 1
2023-03-12 22:35:33.106591 [info]:  srcDir: /home/yzs/my-WebServer/resources/
2023-03-12 22:35:33.106593 [info]:  SqlConnPool num: 4, ThreadPool num: 12
2023-03-12 23:43:45.267515 [info]:  =============Server init================
2023-03-12 23:43:45.267534 [info]:  Port: 1316,OpenLinger: false
2023-03-12 23:43:45.267537 [info]:  Listen Mode: ET, Conn Mode: ET
2023-03-12 23:43:45.267593 [info]:  Log level: 1
2023-03-12 23:43:45.268075 [info]:  srcDir: /home/yzs/my-WebServer/resources/
2023-03-12 23:43:45.268098 [info]:  SqlConnPool num: 4, ThreadPool num: 12
2023-03-12 23:45:57.940394 [info]:  succ mmap [256000] bytes memory
2023-03-12 23:46:00.059826 [info]:  resume accept coroutine
2023-03-12 23:52:23.728290 [info]:  =============Server init================
2023-03-12 23:52:23.728315 [info]:  Port: 1316,OpenLinger: false
2023-03-12 23:52:23.728318 [info]:  Listen Mode: ET, Conn Mode: ET
2023-03-12 23:52:23.728320 [info]:  Log level: 1
2023-03-12 23:52:23.728322 [info]:  srcDir: /home/yzs/my-WebServer/resources/
2023-03-12 23:52:23.728323 [info]:  SqlConnPool num: 4, ThreadPool num: 12
2023-03-12 23:52:25.500829 [info]:  succ mmap [256000] bytes memory
2023-03-12 23:52:26.701512 [info]:  resume accept coroutine
2023-03-12 23:53:59.192608 [info]:  =============Server init================
2023-03-12 23:53:59.192624 [info]:  Port: 1316,OpenLinger: false
2023-03-12 23:53:59.192627 [info]:  Listen Mode: ET, Conn Mode: ET
2023-03-12 23:53:59.192629 [info]:  Log level: 1
2023-03-12 23:53:59.192630 [info]:  srcDir: /home/yzs/my-WebServer/resources/
2023-03-12 23:53:59.192632 [info]:  SqlConnPool num: 4, ThreadPool num: 12
2023-03-12 23:54:00.897710 [info]:  succ mmap [256000] bytes memory
2023-03-12 23:54:01.489225 [info]:  resume accept coroutine
2023-03-12 23:54:51.357075 [info]:  =============Server init================
2023-03-12 23:54:51.357116 [info]:  Port: 1316,OpenLinger: false
2023-03-12 23:54:51.357170 [info]:  Listen Mode: ET, Conn Mode: ET
2023-03-12 23:54:51.357270 [info]:  Log level: 1
2023-03-12 23:54:51.357286 [info]:  srcDir: /home/yzs/my-WebServer/resources/
2023-03-12 23:54:51.357290 [info]:  SqlConnPool num: 4, ThreadPool num: 12
2023-03-12 23:54:53.002972 [info]:  succ mmap [256000] bytes memory
2023-03-12 23:54:53.422138 [info]:  resume accept coroutine
2023-03-12 23:57:03.559573 [info]:  =============Server init================
2023-03-12 23:57:03.559593 [info]:  Port: 1316,OpenLinger: false
2023-03-12 23:57:03.559596 [info]:  Listen Mode: ET, Conn Mode: ET
2023-03-12 23:57:03.559598 [info]:  Log level: 1
2023-03-12 23:57:03.559599 [info]:  srcDir: /home/yzs/my-WebServer/resources/
2023-03-12 23:57:03.559601 [info]:  SqlConnPool num: 4, ThreadPool num: 12
2023-03-12 23:57:04.099823 [info]:  succ mmap [256000] bytes memory
2023-03-12 23:58:35.502923 [info]:  =============Server init================
2023-03-12 23:58:35.502960 [info]:  Port: 1316,OpenLinger: false
2023-03-12 23:58:35.502963 [info]:  Listen Mode: ET, Conn Mode: ET
2023-03-12 23:58:35.502965 [info]:  Log level: 1
2023-03-12 23:58:35.502966 [info]:  srcDir: /home/yzs/my-WebServer/resources/
2023-03-12 23:58:35.502968 [info]:  SqlConnPool num: 4, ThreadPool num: 12
2023-03-12 23:59:27.630158 [info]:  =============Server init================
2023-03-12 23:59:27.630197 [info]:  Port: 1316,OpenLinger: false
2023-03-12 23:59:27.630248 [info]:  Listen Mode: ET, Conn Mode: ET
2023-03-12 23:59:27.630378 [info]:  Log level: 1
2023-03-12 23:59:27.630409 [info]:  srcDir: /home/yzs/my-WebServer/resources/
2023-03-12 23:59:27.630418 [info]:  SqlConnPool num: 4, ThreadPool num: 12
2023-03-12 23:59:28.549437 [info]:  succ mmap [256000] bytes memory
