Performing C SOURCE FILE Test CMAKE_HAVE_LIBC_PTHREAD failed with the following output:
Change Dir: /home/yzs/my-WebServer/CMakeFiles/CMakeTmp

Run Build Command(s):/usr/bin/make cmTC_0964a/fast && /usr/bin/make -f CMakeFiles/cmTC_0964a.dir/build.make CMakeFiles/cmTC_0964a.dir/build
make[1]: Entering directory '/home/yzs/my-WebServer/CMakeFiles/CMakeTmp'
Building C object CMakeFiles/cmTC_0964a.dir/src.c.o
/usr/bin/cc   -DCMAKE_HAVE_LIBC_PTHREAD   -o CMakeFiles/cmTC_0964a.dir/src.c.o   -c /home/yzs/my-WebServer/CMakeFiles/CMakeTmp/src.c
Linking C executable cmTC_0964a
/usr/bin/cmake -E cmake_link_script CMakeFiles/cmTC_0964a.dir/link.txt --verbose=1
/usr/bin/cc  -DCMAKE_HAVE_LIBC_PTHREAD    CMakeFiles/cmTC_0964a.dir/src.c.o  -o cmTC_0964a 
/usr/bin/ld: CMakeFiles/cmTC_0964a.dir/src.c.o: in function `main':
src.c:(.text+0x46): undefined reference to `pthread_create'
/usr/bin/ld: src.c:(.text+0x52): undefined reference to `pthread_detach'
/usr/bin/ld: src.c:(.text+0x63): undefined reference to `pthread_join'
collect2: error: ld returned 1 exit status
make[1]: *** [CMakeFiles/cmTC_0964a.dir/build.make:87: cmTC_0964a] Error 1
make[1]: Leaving directory '/home/yzs/my-WebServer/CMakeFiles/CMakeTmp'
make: *** [Makefile:121: cmTC_0964a/fast] Error 2


Source file was:
#include <pthread.h>

void* test_func(void* data)
{
  return data;
}

int main(void)
{
  pthread_t thread;
  pthread_create(&thread, NULL, test_func, NULL);
  pthread_detach(thread);
  pthread_join(thread, NULL);
  pthread_atfork(NULL, NULL, NULL);
  pthread_exit(NULL);

  return 0;
}

Determining if the function pthread_create exists in the pthreads failed with the following output:
Change Dir: /home/yzs/my-WebServer/CMakeFiles/CMakeTmp

Run Build Command(s):/usr/bin/make cmTC_956a3/fast && /usr/bin/make -f CMakeFiles/cmTC_956a3.dir/build.make CMakeFiles/cmTC_956a3.dir/build
make[1]: Entering directory '/home/yzs/my-WebServer/CMakeFiles/CMakeTmp'
Building C object CMakeFiles/cmTC_956a3.dir/CheckFunctionExists.c.o
/usr/bin/cc   -DCHECK_FUNCTION_EXISTS=pthread_create   -o CMakeFiles/cmTC_956a3.dir/CheckFunctionExists.c.o   -c /usr/share/cmake-3.16/Modules/CheckFunctionExists.c
Linking C executable cmTC_956a3
/usr/bin/cmake -E cmake_link_script CMakeFiles/cmTC_956a3.dir/link.txt --verbose=1
/usr/bin/cc  -DCHECK_FUNCTION_EXISTS=pthread_create    CMakeFiles/cmTC_956a3.dir/CheckFunctionExists.c.o  -o cmTC_956a3  -lpthreads 
/usr/bin/ld: cannot find -lpthreads
collect2: error: ld returned 1 exit status
make[1]: *** [CMakeFiles/cmTC_956a3.dir/build.make:87: cmTC_956a3] Error 1
make[1]: Leaving directory '/home/yzs/my-WebServer/CMakeFiles/CMakeTmp'
make: *** [Makefile:121: cmTC_956a3/fast] Error 2



Checking whether the ASM_NASM compiler is GNU using "--version" did not match "(GNU assembler)|(GCC)|(Free Software Foundation)":
Checking whether the ASM_NASM compiler is Clang using "--version" did not match "(clang version)":
Checking whether the ASM_NASM compiler is AppleClang using "--version" did not match "(Apple LLVM version)":
Checking whether the ASM_NASM compiler is ARMClang using "--version" did not match "armclang":
Checking whether the ASM_NASM compiler is HP using "-V" did not match "HP C":
Checking whether the ASM_NASM compiler is Intel using "--version" did not match "(ICC)":
Checking whether the ASM_NASM compiler is SunPro using "-V" did not match "Sun C":
Checking whether the ASM_NASM compiler is XL using "-qversion" did not match "XL C":
Checking whether the ASM_NASM compiler is MSVC using "-?" did not match "Microsoft":
Checking whether the ASM_NASM compiler is TI using "-h" did not match "Texas Instruments":
Checking whether the ASM_NASM compiler is IAR using "" did not match "IAR Assembler":
Checking whether the ASM_NASM compiler is ARMCC using "" did not match "(ARM Compiler)|(ARM Assembler)":
Checking whether the ASM_NASM compiler is NASM using "-v" did not match "(NASM version)":
Checking whether the ASM_NASM compiler is YASM using "--version" did not match "(yasm)":
Checking whether the ASM_NASM compiler is ADSP using "-version" did not match "Analog Devices":
Checking whether the ASM_NASM compiler is QCC using "-V" did not match "gcc_nto":
Checking whether the ASM_NASM compiler is GNU using "--version" did not match "(GNU assembler)|(GCC)|(Free Software Foundation)":
NASM version 2.14.02
Checking whether the ASM_NASM compiler is Clang using "--version" did not match "(clang version)":
NASM version 2.14.02
Checking whether the ASM_NASM compiler is AppleClang using "--version" did not match "(Apple LLVM version)":
NASM version 2.14.02
Checking whether the ASM_NASM compiler is ARMClang using "--version" did not match "armclang":
NASM version 2.14.02
Checking whether the ASM_NASM compiler is HP using "-V" did not match "HP C":
nasm: error: unrecognised option `-V'
type `nasm -h' for help
Checking whether the ASM_NASM compiler is Intel using "--version" did not match "(ICC)":
NASM version 2.14.02
Checking whether the ASM_NASM compiler is SunPro using "-V" did not match "Sun C":
nasm: error: unrecognised option `-V'
type `nasm -h' for help
Checking whether the ASM_NASM compiler is XL using "-qversion" did not match "XL C":
nasm: error: unrecognised option `-q'
type `nasm -h' for help
Checking whether the ASM_NASM compiler is MSVC using "-?" did not match "Microsoft":
nasm: error: unrecognised option `-?'
type `nasm -h' for help
Checking whether the ASM_NASM compiler is TI using "-h" did not match "Texas Instruments":
usage: nasm [-@ response file] [-o outfile] [-f format] [-l listfile]
            [options...] [--] filename
    or nasm -v (or --v) for version info


Response files should contain command line parameters,
one per line.

    -t            assemble in SciTech TASM compatible mode
    -E (or -e)    preprocess only (writes output to stdout by default)
    -a            don't preprocess (assemble only)
    -M            generate Makefile dependencies on stdout
    -MG           d:o, missing files assumed generated
    -MF file      set Makefile dependency file
    -MD file      assemble and generate dependencies
    -MT file      dependency target name
    -MQ file      dependency target name (quoted)
    -MP           emit phony target

    -Zfile        redirect error messages to file
    -s            redirect error messages to stdout

    -g            generate debugging information

    -F format     select a debugging format

    -gformat      same as -g -F format

    -o outfile    write output to an outfile

    -f format     select an output format

    -l listfile   write listing to a listfile

    -Ipath        add a pathname to the include file path
    -Oflags...    optimize opcodes, immediates and branch offsets
       -O0        no optimization
       -O1        minimal optimization
       -Ox        multipass optimization (default)
       -Ov        display the number of passes executed at the end
    -Pfile        pre-include a file (also --include)
    -Dmacro[=str] pre-define a macro
    -Umacro       undefine a macro
    -Xformat      specifiy error reporting format (gnu or vc)
    -w+foo        enable warning foo (equiv. -Wfoo)
    -w-foo        disable warning foo (equiv. -Wno-foo)
    -w[+-]error[=foo]
                  promote [specific] warnings to errors
    -h            show invocation summary and exit (also --help)

   --pragma str   pre-executes a specific %pragma
   --before str   add line (usually a preprocessor statement) before the input
   --prefix str   prepend the given string to all the given string
                  to all extern, common and global symbols (also --gprefix)
   --postfix str  append the given string to all the given string
                  to all extern, common and global symbols (also --gpostfix)
   --lprefix str  prepend the given string to all other symbols
   --lpostfix str append the given string to all other symbols
   --keep-all     output files will not be removed even if an error happens
   --no-line      ignore %line directives in input
   --limit-X val  set execution limit X
                     passes          total number of passes (default unlimited)
                     stalled-passes  number of passes without forward progress (default 1000)
                     macro-levels    levels of macro expansion (default 1000000)
                     rep             %rep count (default 1000000)
                     eval            expression evaluation descent (default 1000000)
                     lines           total source lines processed (default 2000000000)

Warnings for the -W/-w options: (default in brackets)
    macro-params            macro calls with wrong parameter count [on]
    macro-selfref           cyclic macro references [off]
    macro-defaults          macros with more default than optional parameters [on]
    orphan-labels           labels alone on lines without trailing `:' [on]
    number-overflow         numeric constant does not fit [on]
    gnu-elf-extensions      using 8- or 16-bit relocation in ELF32, a GNU extension [off]
    float-overflow          floating point overflow [on]
    float-denorm            floating point denormal [off]
    float-underflow         floating point underflow [off]
    float-toolong           too many digits in floating-point number [on]
    user                    %warning directives [on]
    lock                    lock prefix on unlockable instructions [on]
    hle                     invalid hle prefixes [on]
    bnd                     invalid bnd prefixes [on]
    zext-reloc              relocation zero-extended to match output format [on]
    ptr                     non-NASM keyword used in other assemblers [on]
    bad-pragma              empty or malformed %pragma [off]
    unknown-pragma          unknown %pragma facility or directive [off]
    not-my-pragma           %pragma not applicable to this compilation [off]
    unknown-warning         unknown warning in -W/-w or warning directive [off]
    negative-rep            regative %rep count [on]
    phase                   phase error during stabilization [off]
    label-redef             label redefined to an identical value [off]
    label-redef-late        label (re)defined during code generation [error]
    other                   any warning not specifially mentioned above [on]
    all                     all possible warnings

For a list of valid output formats, use -hf.
For a list of debug formats, use -f <format> -y.
Checking whether the ASM_NASM compiler is IAR using "" did not match "IAR Assembler":
nasm: fatal: no input file specified
type `nasm -h' for help
Checking whether the ASM_NASM compiler is ARMCC using "" did not match "(ARM Compiler)|(ARM Assembler)":
nasm: fatal: no input file specified
type `nasm -h' for help
