make all --print-data-base --no-builtin-variables --no-builtin-rules --question
# GNU Make 4.2.1
# Built for x86_64-pc-linux-gnu
# Copyright (C) 1988-2016 Free Software Foundation, Inc.
# License GPLv3+: GNU GPL version 3 or later <http://gnu.org/licenses/gpl.html>
# This is free software: you are free to change and redistribute it.
# There is NO WARRANTY, to the extent permitted by law.

# Make data base, printed on Sat Jul 15 21:12:42 2023

# Variables

# automatic
<D = $(patsubst %/,%,$(dir $<))
# automatic
?F = $(notdir $?)
# environment
WSLENV = VSCODE_WSL_EXT_LOCATION/up
# default
.SHELLFLAGS := -c
# automatic
?D = $(patsubst %/,%,$(dir $?))
# automatic
@D = $(patsubst %/,%,$(dir $@))
# automatic
@F = $(notdir $@)
# makefile
CURDIR := /home/yzs/my-WebServer
# makefile (from 'Makefile', line 39)
SHELL = /bin/sh
# makefile (from 'Makefile', line 45)
RM = /usr/bin/cmake -E remove -f
# environment
VSCODE_NLS_CONFIG = {"locale":"en","osLocale":"en","availableLanguages":{}}
# environment
_ = /home/yzs/.vscode-server/bin/660393deaaa6d1996740ff4880f1bad43768c814/node
# makefile (from 'Makefile', line 54)
CMAKE_BINARY_DIR = /home/yzs/my-WebServer
# makefile (from 'Makefile', line 1)
MAKEFILE_LIST :=  Makefile
# 'override' directive
GNUMAKEFLAGS := 
# environment
XDG_DATA_DIRS = /usr/local/share:/usr/share:/var/lib/snapd/desktop
# environment
VSCODE_CWD = /mnt/c/Users/yzs/AppData/Local/Programs/Microsoft VS Code
# default
MAKE_HOST := x86_64-pc-linux-gnu
# environment
PATH = /home/yzs/.vscode-server/bin/660393deaaa6d1996740ff4880f1bad43768c814/bin/remote-cli:/usr/local/sbin:/usr/local/bin:/usr/sbin:/usr/bin:/sbin:/bin:/usr/games:/usr/local/games:/usr/lib/wsl/lib:/mnt/c/Windows/system32:/mnt/c/Windows:/mnt/c/Windows/System32/Wbem:/mnt/c/Windows/System32/WindowsPowerShell/v1.0/:/mnt/c/Windows/System32/OpenSSH/:/mnt/c/Program Files (x86)/NVIDIA Corporation/PhysX/Common:/mnt/c/Program Files/NVIDIA Corporation/NVIDIA NvDLISR:/mnt/c/WINDOWS/system32:/mnt/c/WINDOWS:/mnt/c/WINDOWS/System32/Wbem:/mnt/c/WINDOWS/System32/WindowsPowerShell/v1.0/:/mnt/c/WINDOWS/System32/OpenSSH/:/mnt/c/Users/yzs/AppData/Local/Microsoft/WindowsApps:/mnt/c/Users/yzs/AppData/Local/Programs/Microsoft VS Code/bin:/mnt/d/texlive/2022/bin/win32:/snap/bin:/usr/local/go/bin
# environment
XDG_RUNTIME_DIR = /mnt/wslg/runtime-dir
# environment
ELECTRON_RUN_AS_NODE = 1
# environment
VSCODE_IPC_HOOK_CLI = /mnt/wslg/runtime-dir/vscode-ipc-992ebe3d-a54c-4319-aed5-7343c3fb1076.sock
# default
.FEATURES := target-specific order-only second-expansion else-if shortest-stem undefine oneshell archives jobserver output-sync check-symlink load
# environment
CPLUS_INCLUDE_PATH = :/hiredis
# automatic
%F = $(notdir $%)
# environment
DISPLAY = :0
# environment
PWD = /home/yzs/my-WebServer
# default
.LOADED := 
# environment
WSL_INTEROP = /run/WSL/12_interop
# environment
PULSE_SERVER = /mnt/wslg/PulseServer
# environment
VSCODE_AMD_ENTRYPOINT = vs/workbench/api/node/extensionHostProcess
# environment
HOME = /home/yzs
# environment
LD_LIBRARY_PATH = :/hiredis
# environment
LOGNAME = yzs
# environment
APPLICATION_INSIGHTS_NO_DIAGNOSTIC_CHANNEL = 1
# makefile (from 'Makefile', line 48)
EQUALS = =
# environment
VSCODE_HANDLES_UNCAUGHT_ERRORS = true
# automatic
^D = $(patsubst %/,%,$(dir $^))
# environment
MAKELEVEL := 0
# default
MAKE = $(MAKE_COMMAND)
# default
MAKECMDGOALS := all
# environment
SHLVL = 0
# default
MAKE_VERSION := 4.2.1
# environment
USER = yzs
# makefile
.DEFAULT_GOAL := default_target
# makefile (from 'Makefile', line 51)
CMAKE_SOURCE_DIR = /home/yzs/my-WebServer
# environment
GOROOT = /usr/local/go
# environment
NAME = LAPTOP-H829P5FD
# automatic
%D = $(patsubst %/,%,$(dir $%))
# environment
VSCODE_WSL_EXT_LOCATION = /mnt/c/Users/yzs/.vscode/extensions/ms-vscode-remote.remote-wsl-0.80.2
# default
MAKE_COMMAND := make
# default
.VARIABLES := 
# automatic
*F = $(notdir $*)
# makefile
MAKEFLAGS = pqrRs
# environment
MFLAGS = -pqrRs
# automatic
*D = $(patsubst %/,%,$(dir $*))
# automatic
+D = $(patsubst %/,%,$(dir $+))
# environment
VSCODE_L10N_BUNDLE_LOCATION = 
# automatic
+F = $(notdir $+)
# environment
VSCODE_HANDLES_SIGPIPE = true
# default
MAKEFILES := 
# automatic
<F = $(notdir $<)
# environment
LC_ALL = C
# environment
HOSTTYPE = x86_64
# makefile (from 'Makefile', line 42)
CMAKE_COMMAND = /usr/bin/cmake
# automatic
^F = $(notdir $^)
# makefile (from 'Makefile', line 21)
SUFFIXES = 
# environment
WAYLAND_DISPLAY = wayland-0
# default
.INCLUDE_DIRS = /usr/include /usr/local/include /usr/include
# default
.RECIPEPREFIX := 
# environment
LANG = C
# environment
TERM = xterm-256color
# environment
WSL_DISTRO_NAME = Ubuntu
# environment
MOTD_SHOWN = update-motd
# variable set hash-table stats:
# Load=74/1024=7%, Rehash=0, Collisions=6/108=6%

# Pattern-specific Variable Values

# No pattern-specific variable values.

# Directories

# . (device 2080, inode 61250): 21 files, no impossibilities.

# 21 files, no impossibilities in 1 directories.

# Implicit Rules

%.hpux_make_needs_suffix_list:

# 1 implicit rules, 0 (0.0%) terminal.

# Files

cmake_force:
#  Phony target (prerequisite of .PHONY).
#  Implicit rule search has not been done.
#  File does not exist.
#  File has not been updated.

codes/epoller.cpp.s:
#  Phony target (prerequisite of .PHONY).
#  Implicit rule search has not been done.
#  File does not exist.
#  File has not been updated.
#  recipe to execute (from 'Makefile', line 177):
	$(MAKE) -f CMakeFiles/my_WebServer.dir/build.make CMakeFiles/my_WebServer.dir/codes/epoller.cpp.s

codes/httprequest.o: codes/httprequest.cpp.o
#  Phony target (prerequisite of .PHONY).
#  Implicit rule search has not been done.
#  File does not exist.
#  File has not been updated.

coroutine/coroutine_pool.cc.i:
#  Phony target (prerequisite of .PHONY).
#  Implicit rule search has not been done.
#  File does not exist.
#  File has not been updated.
#  recipe to execute (from 'Makefile', line 528):
	$(MAKE) -f CMakeFiles/my_WebServer.dir/build.make CMakeFiles/my_WebServer.dir/coroutine/coroutine_pool.cc.i

coroutine/coroutine_pool.cc.o:
#  Phony target (prerequisite of .PHONY).
#  Implicit rule search has not been done.
#  File does not exist.
#  File has not been updated.
#  recipe to execute (from 'Makefile', line 519):
	$(MAKE) -f CMakeFiles/my_WebServer.dir/build.make CMakeFiles/my_WebServer.dir/coroutine/coroutine_pool.cc.o

coroutine/coroutine_hook.i: coroutine/coroutine_hook.cc.i
#  Phony target (prerequisite of .PHONY).
#  Implicit rule search has not been done.
#  File does not exist.
#  File has not been updated.

coroutine/coroutine_hook.cc.s:
#  Phony target (prerequisite of .PHONY).
#  Implicit rule search has not been done.
#  File does not exist.
#  File has not been updated.
#  recipe to execute (from 'Makefile', line 510):
	$(MAKE) -f CMakeFiles/my_WebServer.dir/build.make CMakeFiles/my_WebServer.dir/coroutine/coroutine_hook.cc.s

edit_cache:
#  Phony target (prerequisite of .PHONY).
#  Implicit rule search has not been done.
#  File does not exist.
#  File has not been updated.
#  recipe to execute (from 'Makefile', line 72):
	@$(CMAKE_COMMAND) -E cmake_echo_color --switch=$(COLOR) --cyan "No interactive CMake dialog available..."
	/usr/bin/cmake -E echo No\ interactive\ CMake\ dialog\ available.

codes/webserver.s: codes/webserver.cpp.s
#  Phony target (prerequisite of .PHONY).
#  Implicit rule search has not been done.
#  File does not exist.
#  File has not been updated.

codes/epoller.i: codes/epoller.cpp.i
#  Phony target (prerequisite of .PHONY).
#  Implicit rule search has not been done.
#  File does not exist.
#  File has not been updated.

codes/epoller.o: codes/epoller.cpp.o
#  Phony target (prerequisite of .PHONY).
#  Implicit rule search has not been done.
#  File does not exist.
#  File has not been updated.

all: cmake_check_build_system
#  Phony target (prerequisite of .PHONY).
#  Command line target.
#  Implicit rule search has not been done.
#  File does not exist.
#  File has been updated.
#  Needs to be updated (-q is set).
# variable set hash-table stats:
# Load=0/32=0%, Rehash=0, Collisions=0/6=0%
#  recipe to execute (from 'Makefile', line 83):
	$(CMAKE_COMMAND) -E cmake_progress_start /home/yzs/my-WebServer/CMakeFiles /home/yzs/my-WebServer/CMakeFiles/progress.marks
	$(MAKE) -f CMakeFiles/Makefile2 all
	$(CMAKE_COMMAND) -E cmake_progress_start /home/yzs/my-WebServer/CMakeFiles 0

coroutine/memory.i: coroutine/memory.cc.i
#  Phony target (prerequisite of .PHONY).
#  Implicit rule search has not been done.
#  File does not exist.
#  File has not been updated.

coroutine/memory.o: coroutine/memory.cc.o
#  Phony target (prerequisite of .PHONY).
 
#  Implicit rule search has not been done.
#  File does not exist.
#  File has not been updated.

.PHONY: default_target cmake_force rebuild_cache rebuild_cache/fast edit_cache edit_cache/fast all clean clean/fast preinstall preinstall/fast depend my_WebServer my_WebServer/fast codes/buffer.o codes/buffer.cpp.o codes/buffer.i codes/buffer.cpp.i codes/buffer.s codes/buffer.cpp.s codes/epoller.o codes/epoller.cpp.o codes/epoller.i codes/epoller.cpp.i codes/epoller.s codes/epoller.cpp.s codes/heaptimer.o codes/heaptimer.cpp.o codes/heaptimer.i codes/heaptimer.cpp.i codes/heaptimer.s codes/heaptimer.cpp.s codes/httpconn.o codes/httpconn.cpp.o codes/httpconn.i codes/httpconn.cpp.i codes/httpconn.s codes/httpconn.cpp.s codes/httprequest.o codes/httprequest.cpp.o codes/httprequest.i codes/httprequest.cpp.i codes/httprequest.s codes/httprequest.cpp.s codes/httpresponse.o codes/httpresponse.cpp.o codes/httpresponse.i codes/httpresponse.cpp.i codes/httpresponse.s codes/httpresponse.cpp.s codes/io_thread.o codes/io_thread.cc.o codes/io_thread.i codes/io_thread.cc.i codes/io_thread.s codes/io_thread.cc.s codes/log.o codes/log.cpp.o codes/log.i codes/log.cpp.i codes/log.s codes/log.cpp.s codes/redisconnpool.o codes/redisconnpool.cpp.o codes/redisconnpool.i codes/redisconnpool.cpp.i codes/redisconnpool.s codes/redisconnpool.cpp.s codes/sqlconnpoll.o codes/sqlconnpoll.cpp.o codes/sqlconnpoll.i codes/sqlconnpoll.cpp.i codes/sqlconnpoll.s codes/sqlconnpoll.cpp.s codes/webserver.o codes/webserver.cpp.o codes/webserver.i codes/webserver.cpp.i codes/webserver.s codes/webserver.cpp.s codes/xjwt.o codes/xjwt.cpp.o codes/xjwt.i codes/xjwt.cpp.i codes/xjwt.s codes/xjwt.cpp.s coroutine/coctx_swap.o coroutine/coctx_swap.S.o coroutine/coroutine.o coroutine/coroutine.cc.o coroutine/coroutine.i coroutine/coroutine.cc.i coroutine/coroutine.s coroutine/coroutine.cc.s coroutine/coroutine_hook.o coroutine/coroutine_hook.cc.o coroutine/coroutine_hook.i coroutine/coroutine_hook.cc.i coroutine/coroutine_hook.s coroutine/coroutine_hook.cc.s coroutine/coroutine_pool.o coroutine/coroutine_pool.cc.o coroutine/coroutine_pool.i coroutine/coroutine_pool.cc.i coroutine/coroutine_pool.s coroutine/coroutine_pool.cc.s coroutine/memory.o coroutine/memory.cc.o coroutine/memory.i coroutine/memory.cc.i coroutine/memory.s coroutine/memory.cc.s main.o main.cpp.o main.i main.cpp.i main.s main.cpp.s net/fd_event.o net/fd_event.cc.o net/fd_event.i net/fd_event.cc.i net/fd_event.s net/fd_event.cc.s net/mutex.o net/mutex.cc.o net/mutex.i net/mutex.cc.i net/mutex.s net/mutex.cc.s net/reactor.o net/reactor.cc.o net/reactor.i net/reactor.cc.i net/reactor.s net/reactor.cc.s net/timer.o net/timer.cc.o net/timer.i net/timer.cc.i net/timer.s net/timer.cc.s help cmake_check_build_system
#  Implicit rule search has not been done.
#  Modification time never checked.
#  File has not been updated.

net/timer.cc.s:
#  Phony target (prerequisite of .PHONY).
#  Implicit rule search has not been done.
#  File does not exist.
#  File has not been updated.
#  recipe to execute (from 'Makefile', line 699):
	$(MAKE) -f CMakeFiles/my_WebServer.dir/build.make CMakeFiles/my_WebServer.dir/net/timer.cc.s

codes/heaptimer.cpp.i:
#  Phony target (prerequisite of .PHONY).
#  Implicit rule search has not been done.
#  File does not exist.
#  File has not been updated.
#  recipe to execute (from 'Makefile', line 195):
	$(MAKE) -f CMakeFiles/my_WebServer.dir/build.make CMakeFiles/my_WebServer.dir/codes/heaptimer.cpp.i

codes/heaptimer.cpp.o:
#  Phony target (prerequisite of .PHONY).
#  Implicit rule search has not been done.
#  File does not exist.
#  File has not been updated.
#  recipe to execute (from 'Makefile', line 186):
	$(MAKE) -f CMakeFiles/my_WebServer.dir/build.make CMakeFiles/my_WebServer.dir/codes/heaptimer.cpp.o

net/reactor.s: net/reactor.cc.s
#  Phony target (prerequisite of .PHONY).
#  Implicit rule search has not been done.
#  File does not exist.
#  File has not been updated.

coroutine/coroutine.s: coroutine/coroutine.cc.s
#  Phony target (prerequisite of .PHONY).
#  Implicit rule search has not been done.
#  File does not exist.
#  File has not been updated.

codes/xjwt.cpp.i:
#  Phony target (prerequisite of .PHONY).
#  Implicit rule search has not been done.
#  File does not exist.
#  File has not been updated.
#  recipe to execute (from 'Makefile', line 438):
	$(MAKE) -f CMakeFiles/my_WebServer.dir/build.make CMakeFiles/my_WebServer.dir/codes/xjwt.cpp.i

net/timer.s: net/timer.cc.s
#  Phony target (prerequisite of .PHONY).
#  Implicit rule search has not been done.
#  File does not exist.
#  File has not been updated.

codes/xjwt.cpp.o:
#  Phony target (prerequisite of .PHONY).
#  Implicit rule search has not been done.
#  File does not exist.
#  File has not been updated.
#  recipe to execute (from 'Makefile', line 429):
	$(MAKE) -f CMakeFiles/my_WebServer.dir/build.make CMakeFiles/my_WebServer.dir/codes/xjwt.cpp.o

main.s: main.cpp.s
#  Phony target (prerequisite of .PHONY).
#  Implicit rule search has not been done.
#  File does not exist.
#  File has not been updated.

preinstall/fast:
#  Phony target (prerequisite of .PHONY).
#  Implicit rule search has not been done.
#  File does not exist.
#  File has not been updated.
#  recipe to execute (from 'Makefile', line 105):
	$(MAKE) -f CMakeFiles/Makefile2 preinstall

coroutine/coctx_swap.S.o:
#  Phony target (prerequisite of .PHONY).
#  Implicit rule search has not been done.
#  File does not exist.
#  File has not been updated.
#  recipe to execute (from 'Makefile', line 456):
	$(MAKE) -f CMakeFiles/my_WebServer.dir/build.make CMakeFiles/my_WebServer.dir/coroutine/coctx_swap.S.o

codes/log.cpp.i:
#  Phony target (prerequisite of .PHONY).
#  Implicit rule search has not been done.
#  File does not exist.
#  File has not been updated.
#  recipe to execute (from 'Makefile', line 330):
	$(MAKE) -f CMakeFiles/my_WebServer.dir/build.make CMakeFiles/my_WebServer.dir/codes/log.cpp.i

codes/log.cpp.o:
#  Phony target (prerequisite of .PHONY).
#  Implicit rule search has not been done.
#  File does not exist.
#  File has not been updated.
#  recipe to execute (from 'Makefile', line 321):
	$(MAKE) -f CMakeFiles/my_WebServer.dir/build.make CMakeFiles/my_WebServer.dir/codes/log.cpp.o

codes/buffer.cpp.s:
#  Phony target (prerequisite of .PHONY).
#  Implicit rule search has not been done.
#  File does not exist.
#  File has not been updated.
#  recipe to execute (from 'Makefile', line 150):
	$(MAKE) -f CMakeFiles/my_WebServer.dir/build.make CMakeFiles/my_WebServer.dir/codes/buffer.cpp.s

net/mutex.i: net/mutex.cc.i
#  Phony target (prerequisite of .PHONY).
#  Implicit rule search has not been done.
#  File does not exist.
#  File has not been updated.

codes/sqlconnpoll.cpp.s:
#  Phony target (prerequisite of .PHONY).
#  Implicit rule search has not been done.
#  File does not exist.
#  File has not been updated.
#  recipe to execute (from 'Makefile', line 393):
	$(MAKE) -f CMakeFiles/my_WebServer.dir/build.make CMakeFiles/my_WebServer.dir/codes/sqlconnpoll.cpp.s

codes/httprequest.cpp.o:
#  Phony target (prerequisite of .PHONY).
#  Implicit rule search has not been done.
#  File does not exist.
#  File has not been updated.
#  recipe to execute (from 'Makefile', line 240):
	$(MAKE) -f CMakeFiles/my_WebServer.dir/build.make CMakeFiles/my_WebServer.dir/codes/httprequest.cpp.o

coroutine/memory.cc.i:
#  Phony target (prerequisite of .PHONY).
#  Implicit rule search has not been done.
#  File does not exist.
#  File has not been updated.
#  recipe to execute (from 'Makefile', line 555):
	$(MAKE) -f CMakeFiles/my_WebServer.dir/build.make CMakeFiles/my_WebServer.dir/coroutine/memory.cc.i

coroutine/memory.cc.o:
#  Phony target (prerequisite of .PHONY).
#  Implicit rule search has not been done.
#  File does not exist.
#  File has not been updated.
#  recipe to execute (from 'Makefile', line 546):
	$(MAKE) -f CMakeFiles/my_WebServer.dir/build.make CMakeFiles/my_WebServer.dir/coroutine/memory.cc.o

my_WebServer/fast:
#  Phony target (prerequisite of .PHONY).
#  Implicit rule search has not been done.
#  File does not exist.
#  File has not been updated.
#  recipe to execute (from 'Makefile', line 123):
	$(MAKE) -f CMakeFiles/my_WebServer.dir/build.make CMakeFiles/my_WebServer.dir/build

.SUFFIXES: .hpux_make_needs_suffix_list
#  Implicit rule search has not been done.
#  Modification time never checked.
#  File has not been updated.

codes/webserver.cpp.i:
#  Phony target (prerequisite of .PHONY).
#  Implicit rule search has not been done.
#  File does not exist.
#  File has not been updated.
#  recipe to execute (from 'Makefile', line 411):
	$(MAKE) -f CMakeFiles/my_WebServer.dir/build.make CMakeFiles/my_WebServer.dir/codes/webserver.cpp.i

codes/buffer.i: codes/buffer.cpp.i
#  Phony target (prerequisite of .PHONY).
#  Implicit rule search has not been done.
#  File does not exist.
#  File has not been updated.

coroutine/coroutine_pool.s: coroutine/coroutine_pool.cc.s
#  Phony target (prerequisite of .PHONY).
#  Implicit rule search has not been done.
#  File does not exist.
#  File has not been updated.

codes/redisconnpool.s: codes/redisconnpool.cpp.s
#  Phony target (prerequisite of .PHONY).
#  Implicit rule search has not been done.
#  File does not exist.
#  File has not been updated.

codes/webserver.cpp.o:
#  Phony target (prerequisite of .PHONY).
#  Implicit rule search has not been done.
#  File does not exist.
#  File has not been updated.
#  recipe to execute (from 'Makefile', line 402):
	$(MAKE) -f CMakeFiles/my_WebServer.dir/build.make CMakeFiles/my_WebServer.dir/codes/webserver.cpp.o

codes/buffer.o: codes/buffer.cpp.o
#  Phony target (prerequisite of .PHONY).
#  Implicit rule search has not been done.
#  File does not exist.
#  File has not been updated.

# Not a target:
Makefile:
#  Implicit rule search has been done.
#  Last modified 2023-03-28 15:30:29.17255055
#  File has been updated.
#  Successfully updated.

codes/sqlconnpoll.i: codes/sqlconnpoll.cpp.i
#  Phony target (prerequisite of .PHONY).
#  Implicit rule search has not been done.
#  File does not exist.
#  File has not been updated.

codes/httpconn.s: codes/httpconn.cpp.s
#  Phony target (prerequisite of .PHONY).
#  Implicit rule search has not been done.
#  File does not exist.
#  File has not been updated.

codes/sqlconnpoll.o: codes/sqlconnpoll.cpp.o
#  Phony target (prerequisite of .PHONY).
#  Implicit rule search has not been done.
#  File does not exist.
#  File has not been updated.

net/reactor.cc.s:
#  Phony target (prerequisite of .PHONY).
#  Implicit rule search has not been done.
#  File does not exist.
#  File has not been updated.
#  recipe to execute (from 'Makefile', line 672):
	$(MAKE) -f CMakeFiles/my_WebServer.dir/build.make CMakeFiles/my_WebServer.dir/net/reactor.cc.s

coroutine/coroutine.cc.s:
#  Phony target (prerequisite of .PHONY).
#  Implicit rule search has not been done.
#  File does not exist.
#  File has not been updated.
#  recipe to execute (from 'Makefile', line 483):
	$(MAKE) -f CMakeFiles/my_WebServer.dir/build.make CMakeFiles/my_WebServer.dir/coroutine/coroutine.cc.s

.NOTPARALLEL:
#  Implicit rule search has not been done.
#  Modification time never checked.
#  File has not been updated.

net/fd_event.i: net/fd_event.cc.i
#  Phony target (prerequisite of .PHONY).
#  Implicit rule search has not been done.
#  File does not exist.
#  File has not been updated.

codes/httpresponse.cpp.s:
#  Phony target (prerequisite of .PHONY).
#  Implicit rule search has not been done.
#  File does not exist.
#  File has not been updated.
#  recipe to execute (from 'Makefile', line 285):
	$(MAKE) -f CMakeFiles/my_WebServer.dir/build.make CMakeFiles/my_WebServer.dir/codes/httpresponse.cpp.s

net/fd_event.o: net/fd_event.cc.o
#  Phony target (prerequisite of .PHONY).
#  Implicit rule search has not been done.
#  File does not exist.
#  File has not been updated.

codes/sqlconnpoll.cpp.o:
#  Phony target (prerequisite of .PHONY).
#  Implicit rule search has not been done.
#  File does not exist.
 
#  File has not been updated.
#  recipe to execute (from 'Makefile', line 375):
	$(MAKE) -f CMakeFiles/my_WebServer.dir/build.make CMakeFiles/my_WebServer.dir/codes/sqlconnpoll.cpp.o

net/mutex.cc.i:
#  Phony target (prerequisite of .PHONY).
#  Implicit rule search has not been done.
#  File does not exist.
#  File has not been updated.
#  recipe to execute (from 'Makefile', line 636):
	$(MAKE) -f CMakeFiles/my_WebServer.dir/build.make CMakeFiles/my_WebServer.dir/net/mutex.cc.i

net/mutex.cc.o:
#  Phony target (prerequisite of .PHONY).
#  Implicit rule search has not been done.
#  File does not exist.
#  File has not been updated.
#  recipe to execute (from 'Makefile', line 627):
	$(MAKE) -f CMakeFiles/my_WebServer.dir/build.make CMakeFiles/my_WebServer.dir/net/mutex.cc.o

clean/fast: clean
#  Phony target (prerequisite of .PHONY).
#  Implicit rule search has not been done.
#  File does not exist.
#  File has not been updated.

main.cpp.i:
#  Phony target (prerequisite of .PHONY).
#  Implicit rule search has not been done.
#  File does not exist.
#  File has not been updated.
#  recipe to execute (from 'Makefile', line 582):
	$(MAKE) -f CMakeFiles/my_WebServer.dir/build.make CMakeFiles/my_WebServer.dir/main.cpp.i

main.cpp.o:
#  Phony target (prerequisite of .PHONY).
#  Implicit rule search has not been done.
#  File does not exist.
#  File has not been updated.
#  recipe to execute (from 'Makefile', line 573):
	$(MAKE) -f CMakeFiles/my_WebServer.dir/build.make CMakeFiles/my_WebServer.dir/main.cpp.o

codes/httprequest.s: codes/httprequest.cpp.s
#  Phony target (prerequisite of .PHONY).
#  Implicit rule search has not been done.
#  File does not exist.
#  File has not been updated.

coroutine/coroutine_pool.cc.s:
#  Phony target (prerequisite of .PHONY).
#  Implicit rule search has not been done.
#  File does not exist.
#  File has not been updated.
#  recipe to execute (from 'Makefile', line 537):
	$(MAKE) -f CMakeFiles/my_WebServer.dir/build.make CMakeFiles/my_WebServer.dir/coroutine/coroutine_pool.cc.s

codes/httpresponse.i: codes/httpresponse.cpp.i
#  Phony target (prerequisite of .PHONY).
#  Implicit rule search has not been done.
#  File does not exist.
#  File has not been updated.

codes/httpresponse.o: codes/httpresponse.cpp.o
#  Phony target (prerequisite of .PHONY).
#  Implicit rule search has not been done.
#  File does not exist.
#  File has not been updated.

codes/io_thread.i: codes/io_thread.cc.i
#  Phony target (prerequisite of .PHONY).
#  Implicit rule search has not been done.
#  File does not exist.
#  File has not been updated.

codes/io_thread.o: codes/io_thread.cc.o
#  Phony target (prerequisite of .PHONY).
#  Implicit rule search has not been done.
#  File does not exist.
#  File has not been updated.

cmake_check_build_system:
#  Phony target (prerequisite of .PHONY).
#  Implicit rule search has not been done.
#  Implicit/static pattern stem: ''
#  File does not exist.
#  File has been updated.
#  Needs to be updated (-q is set).
# automatic
# @ := cmake_check_build_system
# automatic
# % := 
# automatic
# * := 
# automatic
# + := 
# automatic
# | := 
# automatic
# < := 
# automatic
# ^ := 
# automatic
# ? := 
# variable set hash-table stats:
# Load=8/32=25%, Rehash=0, Collisions=3/14=21%
#  recipe to execute (from 'Makefile', line 786):
	$(CMAKE_COMMAND) -S$(CMAKE_SOURCE_DIR) -B$(CMAKE_BINARY_DIR) --check-build-system CMakeFiles/Makefile.cmake 0

codes/httprequest.i: codes/httprequest.cpp.i
#  Phony target (prerequisite of .PHONY).
#  Implicit rule search has not been done.
#  File does not exist.
#  File has not been updated.

codes/epoller.s: codes/epoller.cpp.s
#  Phony target (prerequisite of .PHONY).
#  Implicit rule search has not been done.
#  File does not exist.
#  File has not been updated.

help:
#  Phony target (prerequisite of .PHONY).
#  Implicit rule search has not been done.
#  File does not exist.
#  File has not been updated.
#  recipe to execute (from 'Makefile', line 704):
	@echo "The following are some of the valid targets for this Makefile:"
	@echo "... all (the default if no target is provided)"
	@echo "... clean"
	@echo "... depend"
	@echo "... rebuild_cache"
	@echo "... edit_cache"
	@echo "... my_WebServer"
	@echo "... codes/buffer.o"
	@echo "... codes/buffer.i"
	@echo "... codes/buffer.s"
	@echo "... codes/epoller.o"
	@echo "... codes/epoller.i"
	@echo "... codes/epoller.s"
	@echo "... codes/heaptimer.o"
	@echo "... codes/heaptimer.i"
	@echo "... codes/heaptimer.s"
	@echo "... codes/httpconn.o"
	@echo "... codes/httpconn.i"
	@echo "... codes/httpconn.s"
	@echo "... codes/httprequest.o"
	@echo "... codes/httprequest.i"
	@echo "... codes/httprequest.s"
	@echo "... codes/httpresponse.o"
	@echo "... codes/httpresponse.i"
	@echo "... codes/httpresponse.s"
	@echo "... codes/io_thread.o"
	@echo "... codes/io_thread.i"
	@echo "... codes/io_thread.s"
	@echo "... codes/log.o"
	@echo "... codes/log.i"
	@echo "... codes/log.s"
	@echo "... codes/redisconnpool.o"
	@echo "... codes/redisconnpool.i"
	@echo "... codes/redisconnpool.s"
	@echo "... codes/sqlconnpoll.o"
	@echo "... codes/sqlconnpoll.i"
	@echo "... codes/sqlconnpoll.s"
	@echo "... codes/webserver.o"
	@echo "... codes/webserver.i"
	@echo "... codes/webserver.s"
	@echo "... codes/xjwt.o"
	@echo "... codes/xjwt.i"
	@echo "... codes/xjwt.s"
	@echo "... coroutine/coctx_swap.o"
	@echo "... coroutine/coroutine.o"
	@echo "... coroutine/coroutine.i"
	@echo "... coroutine/coroutine.s"
	@echo "... coroutine/coroutine_hook.o"
	@echo "... coroutine/coroutine_hook.i"
	@echo "... coroutine/coroutine_hook.s"
	@echo "... coroutine/coroutine_pool.o"
	@echo "... coroutine/coroutine_pool.i"
	@echo "... coroutine/coroutine_pool.s"
	@echo "... coroutine/memory.o"
	@echo "... coroutine/memory.i"
	@echo "... coroutine/memory.s"
	@echo "... main.o"
	@echo "... main.i"
	@echo "... main.s"
	@echo "... net/fd_event.o"
	@echo "... net/fd_event.i"
	@echo "... net/fd_event.s"
	@echo "... net/mutex.o"
	@echo "... net/mutex.i"
	@echo "... net/mutex.s"
	@echo "... net/reactor.o"
	@echo "... net/reactor.i"
	@echo "... net/reactor.s"
	@echo "... net/timer.o"
	@echo "... net/timer.i"
	@echo "... net/timer.s"

codes/redisconnpool.cpp.i:
#  Phony target (prerequisite of .PHONY).
#  Implicit rule search has not been done.
#  File does not exist.
#  File has not been updated.
#  recipe to execute (from 'Makefile', line 357):
	$(MAKE) -f CMakeFiles/my_WebServer.dir/build.make CMakeFiles/my_WebServer.dir/codes/redisconnpool.cpp.i

net/fd_event.cc.i:
#  Phony target (prerequisite of .PHONY).
#  Implicit rule search has not been done.
#  File does not exist.
#  File has not been updated.
#  recipe to execute (from 'Makefile', line 609):
	$(MAKE) -f CMakeFiles/my_WebServer.dir/build.make CMakeFiles/my_WebServer.dir/net/fd_event.cc.i

codes/redisconnpool.cpp.o:
#  Phony target (prerequisite of .PHONY).
#  Implicit rule search has not been done.
#  File does not exist.
#  File has not been updated.
#  recipe to execute (from 'Makefile', line 348):
	$(MAKE) -f CMakeFiles/my_WebServer.dir/build.make CMakeFiles/my_WebServer.dir/codes/redisconnpool.cpp.o

net/fd_event.cc.o:
#  Phony target (prerequisite of .PHONY).
#  Implicit rule search has not been done.
#  File does not exist.
#  File has not been updated.
#  recipe to execute (from 'Makefile', line 600):
	$(MAKE) -f CMakeFiles/my_WebServer.dir/build.make CMakeFiles/my_WebServer.dir/net/fd_event.cc.o

coroutine/memory.s: coroutine/memory.cc.s
#  Phony target (prerequisite of .PHONY).
#  Implicit rule search has not been done.
#  File does not exist.
#  File has not been updated.

net/reactor.o: net/reactor.cc.o
#  Phony target (prerequisite of .PHONY).
#  Implicit rule search has not been done.
#  File does not exist.
#  File has not been updated.

preinstall: all
#  Phony target (prerequisite of .PHONY).
#  Implicit rule search has not been done.
#  File does not exist.
#  File has not been updated.
#  recipe to execute (from 'Makefile', line 100):
	$(MAKE) -f CMakeFiles/Makefile2 preinstall

codes/httpconn.cpp.i:
#  Phony target (prerequisite of .PHONY).
#  Implicit rule search has not been done.
#  File does not exist.
#  File has not been updated.
#  recipe to execute (from 'Makefile', line 222):
	$(MAKE) -f CMakeFiles/my_WebServer.dir/build.make CMakeFiles/my_WebServer.dir/codes/httpconn.cpp.i

codes/httpconn.cpp.o:
#  Phony target (prerequisite of .PHONY).
#  Implicit rule search has not been done.
#  File does not exist.
#  File has not been updated.
#  recipe to execute (from 'Makefile', line 213):
	$(MAKE) -f CMakeFiles/my_WebServer.dir/build.make CMakeFiles/my_WebServer.dir/codes/httpconn.cpp.o

coroutine/coctx_swap.o: coroutine/coctx_swap.S.o
#  Phony target (prerequisite of .PHONY).
#  Implicit rule search has not been done.
#  File does not exist.
#  File has not been updated.

codes/heaptimer.cpp.s:
#  Phony target (prerequisite of .PHONY).
#  Implicit rule search has not been done.
#  File does not exist.
#  File has not been updated.
#  recipe to execute (from 'Makefile', line 204):
 
	$(MAKE) -f CMakeFiles/my_WebServer.dir/build.make CMakeFiles/my_WebServer.dir/codes/heaptimer.cpp.s

net/timer.i: net/timer.cc.i
#  Phony target (prerequisite of .PHONY).
#  Implicit rule search has not been done.
#  File does not exist.
#  File has not been updated.

.SILENT:
#  Implicit rule search has not been done.
#  Modification time never checked.
#  File has not been updated.

depend:
#  Phony target (prerequisite of .PHONY).
#  Implicit rule search has not been done.
#  File does not exist.
#  File has not been updated.
#  recipe to execute (from 'Makefile', line 110):
	$(CMAKE_COMMAND) -S$(CMAKE_SOURCE_DIR) -B$(CMAKE_BINARY_DIR) --check-build-system CMakeFiles/Makefile.cmake 1

codes/log.cpp.s:
#  Phony target (prerequisite of .PHONY).
#  Implicit rule search has not been done.
#  File does not exist.
#  File has not been updated.
#  recipe to execute (from 'Makefile', line 339):
	$(MAKE) -f CMakeFiles/my_WebServer.dir/build.make CMakeFiles/my_WebServer.dir/codes/log.cpp.s

codes/xjwt.cpp.s:
#  Phony target (prerequisite of .PHONY).
#  Implicit rule search has not been done.
#  File does not exist.
#  File has not been updated.
#  recipe to execute (from 'Makefile', line 447):
	$(MAKE) -f CMakeFiles/my_WebServer.dir/build.make CMakeFiles/my_WebServer.dir/codes/xjwt.cpp.s

codes/io_thread.cc.i:
#  Phony target (prerequisite of .PHONY).
#  Implicit rule search has not been done.
#  File does not exist.
#  File has not been updated.
#  recipe to execute (from 'Makefile', line 303):
	$(MAKE) -f CMakeFiles/my_WebServer.dir/build.make CMakeFiles/my_WebServer.dir/codes/io_thread.cc.i

codes/io_thread.cc.o:
#  Phony target (prerequisite of .PHONY).
#  Implicit rule search has not been done.
#  File does not exist.
#  File has not been updated.
#  recipe to execute (from 'Makefile', line 294):
	$(MAKE) -f CMakeFiles/my_WebServer.dir/build.make CMakeFiles/my_WebServer.dir/codes/io_thread.cc.o

my_WebServer: cmake_check_build_system
#  Phony target (prerequisite of .PHONY).
#  Implicit rule search has not been done.
#  File does not exist.
#  File has not been updated.
#  recipe to execute (from 'Makefile', line 118):
	$(MAKE) -f CMakeFiles/Makefile2 my_WebServer

coroutine/coroutine_hook.o: coroutine/coroutine_hook.cc.o
#  Phony target (prerequisite of .PHONY).
#  Implicit rule search has not been done.
#  File does not exist.
#  File has not been updated.

codes/httprequest.cpp.i:
#  Phony target (prerequisite of .PHONY).
#  Implicit rule search has not been done.
#  File does not exist.
#  File has not been updated.
#  recipe to execute (from 'Makefile', line 249):
	$(MAKE) -f CMakeFiles/my_WebServer.dir/build.make CMakeFiles/my_WebServer.dir/codes/httprequest.cpp.i

# Not a target:
.DEFAULT:
#  Implicit rule search has not been done.
#  Modification time never checked.
#  File has not been updated.

net/mutex.s: net/mutex.cc.s
#  Phony target (prerequisite of .PHONY).
#  Implicit rule search has not been done.
#  File does not exist.
#  File has not been updated.

codes/heaptimer.o: codes/heaptimer.cpp.o
#  Phony target (prerequisite of .PHONY).
#  Implicit rule search has not been done.
#  File does not exist.
#  File has not been updated.

net/reactor.cc.i:
#  Phony target (prerequisite of .PHONY).
#  Implicit rule search has not been done.
#  File does not exist.
#  File has not been updated.
#  recipe to execute (from 'Makefile', line 663):
	$(MAKE) -f CMakeFiles/my_WebServer.dir/build.make CMakeFiles/my_WebServer.dir/net/reactor.cc.i

default_target: all
#  Phony target (prerequisite of .PHONY).
#  Implicit rule search has not been done.
#  File does not exist.
#  File has not been updated.

codes/xjwt.i: codes/xjwt.cpp.i
#  Phony target (prerequisite of .PHONY).
#  Implicit rule search has not been done.
#  File does not exist.
#  File has not been updated.

coroutine/memory.cc.s:
#  Phony target (prerequisite of .PHONY).
#  Implicit rule search has not been done.
#  File does not exist.
#  File has not been updated.
#  recipe to execute (from 'Makefile', line 564):
	$(MAKE) -f CMakeFiles/my_WebServer.dir/build.make CMakeFiles/my_WebServer.dir/coroutine/memory.cc.s

codes/xjwt.o: codes/xjwt.cpp.o
#  Phony target (prerequisite of .PHONY).
#  Implicit rule search has not been done.
#  File does not exist.
#  File has not been updated.

codes/log.i: codes/log.cpp.i
#  Phony target (prerequisite of .PHONY).
#  Implicit rule search has not been done.
#  File does not exist.
#  File has not been updated.

codes/log.o: codes/log.cpp.o
#  Phony target (prerequisite of .PHONY).
#  Implicit rule search has not been done.
#  File does not exist.
#  File has not been updated.

codes/webserver.cpp.s:
#  Phony target (prerequisite of .PHONY).
#  Implicit rule search has not been done.
#  File does not exist.
#  File has not been updated.
#  recipe to execute (from 'Makefile', line 420):
	$(MAKE) -f CMakeFiles/my_WebServer.dir/build.make CMakeFiles/my_WebServer.dir/codes/webserver.cpp.s

codes/buffer.s: codes/buffer.cpp.s
#  Phony target (prerequisite of .PHONY).
#  Implicit rule search has not been done.
#  File does not exist.
#  File has not been updated.

codes/epoller.cpp.i:
#  Phony target (prerequisite of .PHONY).
#  Implicit rule search has not been done.
#  File does not exist.
#  File has not been updated.
#  recipe to execute (from 'Makefile', line 168):
	$(MAKE) -f CMakeFiles/my_WebServer.dir/build.make CMakeFiles/my_WebServer.dir/codes/epoller.cpp.i

codes/epoller.cpp.o:
#  Phony target (prerequisite of .PHONY).
#  Implicit rule search has not been done.
#  File does not exist.
#  File has not been updated.
#  recipe to execute (from 'Makefile', line 159):
	$(MAKE) -f CMakeFiles/my_WebServer.dir/build.make CMakeFiles/my_WebServer.dir/codes/epoller.cpp.o

codes/sqlconnpoll.s: codes/sqlconnpoll.cpp.s
#  Phony target (prerequisite of .PHONY).
#  Implicit rule search has not been done.
#  File does not exist.
#  File has not been updated.

clean:
#  Phony target (prerequisite of .PHONY).
#  Implicit rule search has not been done.
#  File does not exist.
#  File has not been updated.
#  recipe to execute (from 'Makefile', line 90):
	$(MAKE) -f CMakeFiles/Makefile2 clean

coroutine/coroutine_hook.cc.i:
#  Phony target (prerequisite of .PHONY).
#  Implicit rule search has not been done.
#  File does not exist.
#  File has not been updated.
#  recipe to execute (from 'Makefile', line 501):
	$(MAKE) -f CMakeFiles/my_WebServer.dir/build.make CMakeFiles/my_WebServer.dir/coroutine/coroutine_hook.cc.i

coroutine/coroutine_hook.cc.o:
#  Phony target (prerequisite of .PHONY).
#  Implicit rule search has not been done.
#  File does not exist.
#  File has not been updated.
#  recipe to execute (from 'Makefile', line 492):
	$(MAKE) -f CMakeFiles/my_WebServer.dir/build.make CMakeFiles/my_WebServer.dir/coroutine/coroutine_hook.cc.o

codes/webserver.i: codes/webserver.cpp.i
#  Phony target (prerequisite of .PHONY).
#  Implicit rule search has not been done.
#  File does not exist.
#  File has not been updated.

rebuild_cache/fast: rebuild_cache
#  Phony target (prerequisite of .PHONY).
#  Implicit rule search has not been done.
#  File does not exist.
#  File has not been updated.

codes/webserver.o: codes/webserver.cpp.o
#  Phony target (prerequisite of .PHONY).
#  Implicit rule search has not been done.
#  File does not exist.
#  File has not been updated.

edit_cache/fast: edit_cache
#  Phony target (prerequisite of .PHONY).
#  Implicit rule search has not been done.
#  File does not exist.
#  File has not been updated.

net/mutex.cc.s:
#  Phony target (prerequisite of .PHONY).
#  Implicit rule search has not been done.
#  File does not exist.
#  File has not been updated.
#  recipe to execute (from 'Makefile', line 645):
	$(MAKE) -f CMakeFiles/my_WebServer.dir/build.make CMakeFiles/my_WebServer.dir/net/mutex.cc.s

net/timer.o: net/timer.cc.o
#  Phony target (prerequisite of .PHONY).
#  Implicit rule search has not been done.
#  File does not exist.
#  File has not been updated.

main.cpp.s:
#  Phony target (prerequisite of .PHONY).
#  Implicit rule search has not been done.
#  File does not exist.
#  File has not been updated.
#  recipe to execute (from 'Makefile', line 591):
	$(MAKE) -f CMakeFiles/my_WebServer.dir/build.make CMakeFiles/my_WebServer.dir/main.cpp.s

codes/httpresponse.s: codes/httpresponse.cpp.s
#  Phony target (prerequisite of .PHONY).
#  Implicit rule search has not been done.
#  File does not exist.
#  File has not been updated.

codes/io_thread.s: codes/io_thread.cc.s
#  Phony target (prerequisite of .PHONY).
#  Implicit rule search has not been done.
#  File does not exist.
#  File has not been updated.

net/timer.cc.o:
#  Phony target (prerequisite of .PHONY).
#  Implicit rule search has not been done.
#  File does not exist.
#  File has not been updated.
#  recipe to execute (from 'Makefile', line 681):
	$(MAKE) -f CMakeFiles/my_WebServer.dir/build.make CMakeFiles/my_WebServer.dir/net/timer.cc.o

net/reactor.i: net/reactor.cc.i
#  Phony target (prerequisite of .PHONY).
#  Implicit rule search has not been done.
#  File does not exist.
#  File has not been updated.

coroutine/coroutine.i: coroutine/coroutine.cc.i
#  Phony target (prerequisite of .PHONY).
#  Implicit rule search has not been done.
#  File does not exist.
#  File has not been updated.

coroutine/coroutine.o: coroutine/coroutine.cc.o
 
#  Phony target (prerequisite of .PHONY).
#  Implicit rule search has not been done.
#  File does not exist.
#  File has not been updated.

main.i: main.cpp.i
#  Phony target (prerequisite of .PHONY).
#  Implicit rule search has not been done.
#  File does not exist.
#  File has not been updated.

main.o: main.cpp.o
#  Phony target (prerequisite of .PHONY).
#  Implicit rule search has not been done.
#  File does not exist.
#  File has not been updated.

codes/buffer.cpp.i:
#  Phony target (prerequisite of .PHONY).
#  Implicit rule search has not been done.
#  File does not exist.
#  File has not been updated.
#  recipe to execute (from 'Makefile', line 141):
	$(MAKE) -f CMakeFiles/my_WebServer.dir/build.make CMakeFiles/my_WebServer.dir/codes/buffer.cpp.i

codes/redisconnpool.cpp.s:
#  Phony target (prerequisite of .PHONY).
#  Implicit rule search has not been done.
#  File does not exist.
#  File has not been updated.
#  recipe to execute (from 'Makefile', line 366):
	$(MAKE) -f CMakeFiles/my_WebServer.dir/build.make CMakeFiles/my_WebServer.dir/codes/redisconnpool.cpp.s

net/mutex.o: net/mutex.cc.o
#  Phony target (prerequisite of .PHONY).
#  Implicit rule search has not been done.
#  File does not exist.
#  File has not been updated.

codes/buffer.cpp.o:
#  Phony target (prerequisite of .PHONY).
#  Implicit rule search has not been done.
#  File does not exist.
#  File has not been updated.
#  recipe to execute (from 'Makefile', line 132):
	$(MAKE) -f CMakeFiles/my_WebServer.dir/build.make CMakeFiles/my_WebServer.dir/codes/buffer.cpp.o

net/fd_event.cc.s:
#  Phony target (prerequisite of .PHONY).
#  Implicit rule search has not been done.
#  File does not exist.
#  File has not been updated.
#  recipe to execute (from 'Makefile', line 618):
	$(MAKE) -f CMakeFiles/my_WebServer.dir/build.make CMakeFiles/my_WebServer.dir/net/fd_event.cc.s

codes/sqlconnpoll.cpp.i:
#  Phony target (prerequisite of .PHONY).
#  Implicit rule search has not been done.
#  File does not exist.
#  File has not been updated.
#  recipe to execute (from 'Makefile', line 384):
	$(MAKE) -f CMakeFiles/my_WebServer.dir/build.make CMakeFiles/my_WebServer.dir/codes/sqlconnpoll.cpp.i

codes/httpconn.cpp.s:
#  Phony target (prerequisite of .PHONY).
#  Implicit rule search has not been done.
#  File does not exist.
#  File has not been updated.
#  recipe to execute (from 'Makefile', line 231):
	$(MAKE) -f CMakeFiles/my_WebServer.dir/build.make CMakeFiles/my_WebServer.dir/codes/httpconn.cpp.s

# Not a target:
.hpux_make_needs_suffix_list:
#  Implicit rule search has not been done.
#  Modification time never checked.
#  File has not been updated.

coroutine/coroutine_pool.i: coroutine/coroutine_pool.cc.i
#  Phony target (prerequisite of .PHONY).
#  Implicit rule search has not been done.
#  File does not exist.
#  File has not been updated.

codes/redisconnpool.i: codes/redisconnpool.cpp.i
#  Phony target (prerequisite of .PHONY).
#  Implicit rule search has not been done.
#  File does not exist.
#  File has not been updated.

coroutine/coroutine_pool.o: coroutine/coroutine_pool.cc.o
#  Phony target (prerequisite of .PHONY).
#  Implicit rule search has not been done.
#  File does not exist.
#  File has not been updated.

codes/redisconnpool.o: codes/redisconnpool.cpp.o
#  Phony target (prerequisite of .PHONY).
#  Implicit rule search has not been done.
#  File does not exist.
#  File has not been updated.

codes/io_thread.cc.s:
#  Phony target (prerequisite of .PHONY).
#  Implicit rule search has not been done.
#  File does not exist.
#  File has not been updated.
#  recipe to execute (from 'Makefile', line 312):
	$(MAKE) -f CMakeFiles/my_WebServer.dir/build.make CMakeFiles/my_WebServer.dir/codes/io_thread.cc.s

coroutine/coroutine_hook.s: coroutine/coroutine_hook.cc.s
#  Phony target (prerequisite of .PHONY).
#  Implicit rule search has not been done.
#  File does not exist.
#  File has not been updated.

codes/httpconn.i: codes/httpconn.cpp.i
#  Phony target (prerequisite of .PHONY).
#  Implicit rule search has not been done.
#  File does not exist.
#  File has not been updated.

codes/httpconn.o: codes/httpconn.cpp.o
#  Phony target (prerequisite of .PHONY).
#  Implicit rule search has not been done.
#  File does not exist.
#  File has not been updated.

coroutine/coroutine.cc.i:
#  Phony target (prerequisite of .PHONY).
#  Implicit rule search has not been done.
#  File does not exist.
#  File has not been updated.
#  recipe to execute (from 'Makefile', line 474):
	$(MAKE) -f CMakeFiles/my_WebServer.dir/build.make CMakeFiles/my_WebServer.dir/coroutine/coroutine.cc.i

net/reactor.cc.o:
#  Phony target (prerequisite of .PHONY).
#  Implicit rule search has not been done.
#  File does not exist.
#  File has not been updated.
#  recipe to execute (from 'Makefile', line 654):
	$(MAKE) -f CMakeFiles/my_WebServer.dir/build.make CMakeFiles/my_WebServer.dir/net/reactor.cc.o

coroutine/coroutine.cc.o:
#  Phony target (prerequisite of .PHONY).
#  Implicit rule search has not been done.
#  File does not exist.
#  File has not been updated.
#  recipe to execute (from 'Makefile', line 465):
	$(MAKE) -f CMakeFiles/my_WebServer.dir/build.make CMakeFiles/my_WebServer.dir/coroutine/coroutine.cc.o

codes/heaptimer.i: codes/heaptimer.cpp.i
#  Phony target (prerequisite of .PHONY).
#  Implicit rule search has not been done.
#  File does not exist.
#  File has not been updated.

codes/httprequest.cpp.s:
#  Phony target (prerequisite of .PHONY).
#  Implicit rule search has not been done.
#  File does not exist.
#  File has not been updated.
#  recipe to execute (from 'Makefile', line 258):
	$(MAKE) -f CMakeFiles/my_WebServer.dir/build.make CMakeFiles/my_WebServer.dir/codes/httprequest.cpp.s

codes/heaptimer.s: codes/heaptimer.cpp.s
#  Phony target (prerequisite of .PHONY).
#  Implicit rule search has not been done.
#  File does not exist.
#  File has not been updated.

codes/httpresponse.cpp.i:
#  Phony target (prerequisite of .PHONY).
#  Implicit rule search has not been done.
#  File does not exist.
#  File has not been updated.
#  recipe to execute (from 'Makefile', line 276):
	$(MAKE) -f CMakeFiles/my_WebServer.dir/build.make CMakeFiles/my_WebServer.dir/codes/httpresponse.cpp.i

net/fd_event.s: net/fd_event.cc.s
#  Phony target (prerequisite of .PHONY).
#  Implicit rule search has not been done.
#  File does not exist.
#  File has not been updated.

codes/httpresponse.cpp.o:
#  Phony target (prerequisite of .PHONY).
#  Implicit rule search has not been done.
#  File does not exist.
#  File has not been updated.
#  recipe to execute (from 'Makefile', line 267):
	$(MAKE) -f CMakeFiles/my_WebServer.dir/build.make CMakeFiles/my_WebServer.dir/codes/httpresponse.cpp.o

codes/xjwt.s: codes/xjwt.cpp.s
#  Phony target (prerequisite of .PHONY).
#  Implicit rule search has not been done.
#  File does not exist.
#  File has not been updated.

net/timer.cc.i:
#  Phony target (prerequisite of .PHONY).
#  Implicit rule search has not been done.
#  File does not exist.
#  File has not been updated.
#  recipe to execute (from 'Makefile', line 690):
	$(MAKE) -f CMakeFiles/my_WebServer.dir/build.make CMakeFiles/my_WebServer.dir/net/timer.cc.i

codes/log.s: codes/log.cpp.s
#  Phony target (prerequisite of .PHONY).
#  Implicit rule search has not been done.
#  File does not exist.
#  File has not been updated.

rebuild_cache:
#  Phony target (prerequisite of .PHONY).
#  Implicit rule search has not been done.
#  File does not exist.
#  File has not been updated.
#  recipe to execute (from 'Makefile', line 61):
	@$(CMAKE_COMMAND) -E cmake_echo_color --switch=$(COLOR) --cyan "Running CMake to regenerate build system..."
	/usr/bin/cmake -S$(CMAKE_SOURCE_DIR) -B$(CMAKE_BINARY_DIR)

# files hash-table stats:
# Load=151/1024=15%, Rehash=0, Collisions=59/589=10%
# VPATH Search Paths

# No 'vpath' search paths.

# No general ('VPATH' variable) search path.

# strcache buffers: 1 (0) / strings = 174 / storage = 2982 B / avg = 17 B
# current buf: size = 8162 B / used = 2982 B / count = 174 / avg = 17 B

# strcache performance: lookups = 832 / hit rate = 79%
# hash-table stats:
# Load=174/8192=2%, Rehash=0, Collisions=6/832=1%
# Finished Make data base on Sat Jul 15 21:12:42 2023

 
